2021-04-04 14:58:07 INFO  LoginController:25 - Login page.
2021-04-04 14:59:43 INFO  LoginController:25 - Login page.
2022-08-21 10:15:20 INFO  HomeController:49 - User logged in.
2022-08-21 10:31:57 INFO  HomeController:49 - User logged in.
2022-08-21 11:44:37 INFO  HomeController:49 - User logged in.
2022-08-21 12:01:27 INFO  LoginController:25 - Login page.
2022-08-21 12:07:48 INFO  LoginController:25 - Login page.
2022-08-21 17:11:13 INFO  CustomAuthenticationFilter:35 - Username is : null
2022-08-21 17:11:13 INFO  CustomAuthenticationFilter:36 - Password is : null
2022-08-21 17:12:09 INFO  CustomAuthenticationFilter:35 - Username is : admin
2022-08-21 17:12:09 INFO  CustomAuthenticationFilter:36 - Password is : identitypassword
2022-08-21 17:14:32 INFO  CustomAuthenticationFilter:35 - Username is : admin
2022-08-21 17:14:32 INFO  CustomAuthenticationFilter:36 - Password is : identitypassword
2022-08-21 17:15:44 INFO  CustomAuthenticationFilter:35 - Username is : null
2022-08-21 17:15:44 INFO  CustomAuthenticationFilter:36 - Password is : null
2022-08-21 17:15:59 INFO  CustomAuthenticationFilter:35 - Username is : admin
2022-08-21 17:15:59 INFO  CustomAuthenticationFilter:36 - Password is : identitypassword
2022-08-21 17:19:17 INFO  CustomAuthenticationFilter:35 - Username is : admin
2022-08-21 17:19:17 INFO  CustomAuthenticationFilter:36 - Password is : identitypassword
2022-08-21 17:20:32 INFO  CustomAuthenticationFilter:35 - Username is : admin
2022-08-21 17:20:32 INFO  CustomAuthenticationFilter:36 - Password is : identitypassword
2022-08-21 17:30:01 INFO  CustomAuthenticationFilter:35 - Username is : admin
2022-08-21 17:30:01 INFO  CustomAuthenticationFilter:36 - Password is : identitypassword
2022-08-21 17:31:12 INFO  CustomAuthenticationFilter:41 - Username is : admin
2022-08-21 17:31:12 INFO  CustomAuthenticationFilter:42 - Password is : identitypassword
2022-08-21 17:35:17 INFO  HomeController:49 - User logged in.
2022-08-21 17:35:25 INFO  LoginController:25 - Login page.
2022-08-21 17:40:55 INFO  LoginController:25 - Login page.
2022-08-21 17:41:05 INFO  LoginController:25 - Login page.
2022-08-21 17:42:48 INFO  LoginController:25 - Login page.
2022-08-21 17:42:57 INFO  HomeController:49 - User logged in.
2022-08-22 05:58:48 INFO  LoginController:25 - Login page.
2022-08-22 05:59:17 INFO  LoginController:25 - Login page.
2022-08-22 05:59:27 INFO  HomeController:49 - User logged in.
2022-08-22 06:00:55 INFO  CustomAuthenticationFilter:41 - Username is : admin
2022-08-22 06:00:55 INFO  CustomAuthenticationFilter:42 - Password is : identitypassword
2022-08-22 06:29:19 INFO  LoginController:25 - Login page.
2022-08-22 06:29:31 INFO  CustomAuthenticationFilter:41 - Username is : regan
2022-08-22 06:29:31 INFO  CustomAuthenticationFilter:42 - Password is : identitypassword
2022-08-22 07:07:39 INFO  LoginController:25 - Login page.
2022-08-22 07:07:40 INFO  LoginController:25 - Login page.
2022-08-22 07:07:50 INFO  CustomAuthenticationFilter:41 - Username is : regan
2022-08-22 07:07:50 INFO  CustomAuthenticationFilter:42 - Password is : identityPassword
2022-08-22 07:07:51 INFO  LoginController:25 - Login page.
2022-08-22 07:07:51 INFO  LoginController:25 - Login page.
2022-08-22 07:08:51 INFO  LoginController:25 - Login page.
2022-08-22 07:08:51 INFO  LoginController:25 - Login page.
2022-08-22 07:08:59 INFO  HomeController:49 - User logged in.
